Ligand name is 129821 CHEMBL81286 with 25 poses

RESNAME length startbit endbit
ARG116     3      1       3
GLU117     3      4       6
LEU132     1      7       7
LYS148     3      8       10
ASP149     3      11      13
ARG150     3      14      16
ARG154     3      17      19
TRP177     4      20      23
SER178     2      24      25
ILE221     1      26      26
ARG223     3      27      29
THR224     3      30      32
GLU226     3      33      35
ALA245     1      36      36
HIS273     6      37      42
GLU275     3      43      45
GLU276     3      46      48
ARG292     3      49      51
ASP294     3      52      54
GLY347     1      55      55
ARG374     3      56      58
TRP408     4      59      62
TYR409     5      63      67

Total time taken 0.348 s.