

                  PLANTS
        Protein-Ligand ANT System
               version 1.2


author: Oliver Korb

scientific contributors: T.E. Exner, T. Stuetzle

contact: Oliver.Korb@uni-konstanz.de



-------------------------------------------------------------
Ligand data file: 129821.mol2 (entry 1)
-------------------------------------------------------------


Input molecule: 129821.mol2
Description: 129821 CHEMBL81286


Ligand rotatable bonds (9): 
C    (3   , C.3  ) -C    (2   , C.3  )
C    (3   , C.3  ) -C    (4   , C.3  )
C    (3   , C.3  ) -O    (12  , O.3  )
C    (4   , C.3  ) -C    (5   , C.3  )
O    (12  , O.3  ) -C    (13  , C.3  )
C    (5   , C.3  ) -C    (6   , C.ar )
C    (22  , C.3  ) -N    (23  , N.am )
C    (15  , C.2  ) -C    (16  , C.2  )
C    (20  , C.3  ) -N    (21  , N.4  )


Ligand formal charge table:
17    O     -0.50
18    O     -0.50
21    N     1.00 
Ligand formal charge: 0.00


Atom type assignment for partial score term CHEMPLP-PLP:

DONOR(2): 
    N(  21) [ch]     N(  23)      

ACCEPTOR(4): 
    O(  12)          O(  17) [ch]     O(  18) [ch]     O(  26)      

NONPOLAR(20): 
    C(   1)          C(   2)          C(   3)          C(   4)          C(   5)          C(   6)          C(   7)          C(   8)      
    C(   9)          C(  10)          C(  11)          C(  13)          C(  14)          C(  15)          C(  16)          C(  19)      
    C(  20)          C(  22)          C(  24)          C(  25)      

Atom type assignment for partial score term CHEM-HB:

DONOR(2): 
    N(  21) [ch]     N(  23)      

ACCEPTOR(4): 
    O(  12)          O(  17) [ch]     O(  18) [ch]     O(  26)      

NONPOLAR(20): 
    C(   1)          C(   2)          C(   3)          C(   4)          C(   5)          C(   6)          C(   7)          C(   8)      
    C(   9)          C(  10)          C(  11)          C(  13)          C(  14)          C(  15)          C(  16)          C(  19)      
    C(  20)          C(  22)          C(  24)          C(  25)      

HYDROGEN(4): 
    H(  47) [ch]     H(  48) [ch]     H(  49) [ch]     H(  51)      

Intra-ligand score: CLASH2
Ligand clash pairs: 233

Ligand torsions: 49 (49 parameters matched)

Ligand input conformation score: 5354.93

PLPtotal,PLPparthbond,PLPpartsteric,PLPpartmetal,PLPpartrepulsive,PLPpartburpolar,LIG_NUM_CLASH,LIG_NUM_CONTACT,LIG_NUM_NO_CONTACT,CHEMpartmetal,CHEMparthbond,CHEMparthbondCHO,DON,ACC,UNUSED_DON,UNUSED_ACC,CHEMPLP_CLASH2,TRIPOS_TORS

0,0,0,0,0,0,0,0,26,0,0,0,4,4,4,4,0,1.1072

ACO iterations 170  time 10.04s  evaluations 2441357

Cluster time 0.12s (max. 25 structures, RMSD similarity 1.00 A):

rank  1  score   -76.29  file 129821 CHEMBL81286_entry_00001_conf_01
rank  2  score   -75.41  file 129821 CHEMBL81286_entry_00001_conf_02
rank  3  score   -73.88  file 129821 CHEMBL81286_entry_00001_conf_03
rank  4  score   -72.80  file 129821 CHEMBL81286_entry_00001_conf_04
rank  5  score   -72.52  file 129821 CHEMBL81286_entry_00001_conf_05
rank  6  score   -72.12  file 129821 CHEMBL81286_entry_00001_conf_06
rank  7  score   -71.30  file 129821 CHEMBL81286_entry_00001_conf_07
rank  8  score   -71.04  file 129821 CHEMBL81286_entry_00001_conf_08
rank  9  score   -71.03  file 129821 CHEMBL81286_entry_00001_conf_09
rank 10  score   -70.56  file 129821 CHEMBL81286_entry_00001_conf_10
rank 11  score   -70.52  file 129821 CHEMBL81286_entry_00001_conf_11
rank 12  score   -69.77  file 129821 CHEMBL81286_entry_00001_conf_12
rank 13  score   -69.53  file 129821 CHEMBL81286_entry_00001_conf_13
rank 14  score   -69.12  file 129821 CHEMBL81286_entry_00001_conf_14
rank 15  score   -68.91  file 129821 CHEMBL81286_entry_00001_conf_15
rank 16  score   -68.70  file 129821 CHEMBL81286_entry_00001_conf_16
rank 17  score   -68.68  file 129821 CHEMBL81286_entry_00001_conf_17
rank 18  score   -68.08  file 129821 CHEMBL81286_entry_00001_conf_18
rank 19  score   -67.75  file 129821 CHEMBL81286_entry_00001_conf_19
rank 20  score   -67.58  file 129821 CHEMBL81286_entry_00001_conf_20
rank 21  score   -66.70  file 129821 CHEMBL81286_entry_00001_conf_21
rank 22  score   -66.51  file 129821 CHEMBL81286_entry_00001_conf_22
rank 23  score   -66.03  file 129821 CHEMBL81286_entry_00001_conf_23
rank 24  score   -65.56  file 129821 CHEMBL81286_entry_00001_conf_24
rank 25  score   -65.42  file 129821 CHEMBL81286_entry_00001_conf_25


